Started GET "/" for 127.0.0.1 at 2018-05-09 16:46:57 +0200
Processing by Rails::WelcomeController#index as HTML
  Rendering /home/wojtek/.rbenv/versions/2.4.0/lib/ruby/gems/2.4.0/gems/railties-5.1.6/lib/rails/templates/rails/welcome/index.html.erb
  Rendered /home/wojtek/.rbenv/versions/2.4.0/lib/ruby/gems/2.4.0/gems/railties-5.1.6/lib/rails/templates/rails/welcome/index.html.erb (1.8ms)
Completed 200 OK in 141ms (Views: 3.9ms)


Started GET "/" for 127.0.0.1 at 2018-05-09 16:53:31 +0200
  
ActiveRecord::PendingMigrationError (

Migrations are pending. To resolve this issue, run:

        bin/rails db:migrate RAILS_ENV=development

):
  
activerecord (5.1.6) lib/active_record/migration.rb:576:in `check_pending!'
activerecord (5.1.6) lib/active_record/migration.rb:553:in `call'
actionpack (5.1.6) lib/action_dispatch/middleware/callbacks.rb:26:in `block in call'
activesupport (5.1.6) lib/active_support/callbacks.rb:97:in `run_callbacks'
actionpack (5.1.6) lib/action_dispatch/middleware/callbacks.rb:24:in `call'
actionpack (5.1.6) lib/action_dispatch/middleware/executor.rb:12:in `call'
actionpack (5.1.6) lib/action_dispatch/middleware/debug_exceptions.rb:59:in `call'
web-console (3.6.2) lib/web_console/middleware.rb:135:in `call_app'
web-console (3.6.2) lib/web_console/middleware.rb:30:in `block in call'
web-console (3.6.2) lib/web_console/middleware.rb:20:in `catch'
web-console (3.6.2) lib/web_console/middleware.rb:20:in `call'
actionpack (5.1.6) lib/action_dispatch/middleware/show_exceptions.rb:31:in `call'
railties (5.1.6) lib/rails/rack/logger.rb:36:in `call_app'
railties (5.1.6) lib/rails/rack/logger.rb:24:in `block in call'
activesupport (5.1.6) lib/active_support/tagged_logging.rb:69:in `block in tagged'
activesupport (5.1.6) lib/active_support/tagged_logging.rb:26:in `tagged'
activesupport (5.1.6) lib/active_support/tagged_logging.rb:69:in `tagged'
railties (5.1.6) lib/rails/rack/logger.rb:24:in `call'
sprockets-rails (3.2.1) lib/sprockets/rails/quiet_assets.rb:13:in `call'
actionpack (5.1.6) lib/action_dispatch/middleware/remote_ip.rb:79:in `call'
actionpack (5.1.6) lib/action_dispatch/middleware/request_id.rb:25:in `call'
rack (2.0.5) lib/rack/method_override.rb:22:in `call'
rack (2.0.5) lib/rack/runtime.rb:22:in `call'
activesupport (5.1.6) lib/active_support/cache/strategy/local_cache_middleware.rb:27:in `call'
actionpack (5.1.6) lib/action_dispatch/middleware/executor.rb:12:in `call'
actionpack (5.1.6) lib/action_dispatch/middleware/static.rb:125:in `call'
rack (2.0.5) lib/rack/sendfile.rb:111:in `call'
railties (5.1.6) lib/rails/engine.rb:522:in `call'
puma (3.11.4) lib/puma/configuration.rb:225:in `call'
puma (3.11.4) lib/puma/server.rb:632:in `handle_request'
puma (3.11.4) lib/puma/server.rb:446:in `process_client'
puma (3.11.4) lib/puma/server.rb:306:in `block in run'
puma (3.11.4) lib/puma/thread_pool.rb:120:in `block in spawn_thread'
  [1m[35m (0.1ms)[0m  [1m[34mSELECT sqlite_version(*)[0m
  [1m[35m (11.0ms)[0m  [1m[35mCREATE TABLE "schema_migrations" ("version" varchar NOT NULL PRIMARY KEY)[0m
  [1m[35m (13.1ms)[0m  [1m[35mCREATE TABLE "ar_internal_metadata" ("key" varchar NOT NULL PRIMARY KEY, "value" varchar, "created_at" datetime NOT NULL, "updated_at" datetime NOT NULL)[0m
  [1m[35m (0.1ms)[0m  [1m[34mSELECT "schema_migrations"."version" FROM "schema_migrations" ORDER BY "schema_migrations"."version" ASC[0m
Migrating to CreateBooks (20180509145315)
  [1m[35m (0.0ms)[0m  [1m[36mbegin transaction[0m
  [1m[35m (0.0ms)[0m  [1m[31mrollback transaction[0m
  [1m[35m (0.1ms)[0m  [1m[34mSELECT "schema_migrations"."version" FROM "schema_migrations" ORDER BY "schema_migrations"."version" ASC[0m
Migrating to CreateBooks (20180509145417)
  [1m[35m (0.0ms)[0m  [1m[36mbegin transaction[0m
  [1m[35m (0.1ms)[0m  [1m[34mSELECT sqlite_version(*)[0m
  [1m[35m (0.7ms)[0m  [1m[35mCREATE TABLE "books" ("id" INTEGER PRIMARY KEY AUTOINCREMENT NOT NULL, "tittle" varchar, "author" text, "category" text, "image_url" varchar, "is_borrowed" boolean, "created_at" datetime NOT NULL, "updated_at" datetime NOT NULL)[0m
  [1m[35mSQL (0.1ms)[0m  [1m[32mINSERT INTO "schema_migrations" ("version") VALUES (?)[0m  [["version", "20180509145417"]]
  [1m[35m (8.8ms)[0m  [1m[36mcommit transaction[0m
  [1m[36mActiveRecord::InternalMetadata Load (0.1ms)[0m  [1m[34mSELECT  "ar_internal_metadata".* FROM "ar_internal_metadata" WHERE "ar_internal_metadata"."key" = ? LIMIT ?[0m  [["key", "environment"], ["LIMIT", 1]]
  [1m[35m (0.0ms)[0m  [1m[36mbegin transaction[0m
  [1m[35mSQL (0.2ms)[0m  [1m[32mINSERT INTO "ar_internal_metadata" ("key", "value", "created_at", "updated_at") VALUES (?, ?, ?, ?)[0m  [["key", "environment"], ["value", "development"], ["created_at", "2018-05-09 14:54:21.912013"], ["updated_at", "2018-05-09 14:54:21.912013"]]
  [1m[35m (5.9ms)[0m  [1m[36mcommit transaction[0m
  [1m[35m (0.1ms)[0m  [1m[34mSELECT "schema_migrations"."version" FROM "schema_migrations" ORDER BY "schema_migrations"."version" ASC[0m
Started GET "/" for 127.0.0.1 at 2018-05-09 16:54:28 +0200
  [1m[35m (0.1ms)[0m  [1m[34mSELECT "schema_migrations"."version" FROM "schema_migrations" ORDER BY "schema_migrations"."version" ASC[0m
Processing by Rails::WelcomeController#index as HTML
  Rendering /home/wojtek/.rbenv/versions/2.4.0/lib/ruby/gems/2.4.0/gems/railties-5.1.6/lib/rails/templates/rails/welcome/index.html.erb
  Rendered /home/wojtek/.rbenv/versions/2.4.0/lib/ruby/gems/2.4.0/gems/railties-5.1.6/lib/rails/templates/rails/welcome/index.html.erb (2.3ms)
Completed 200 OK in 4ms (Views: 3.3ms | ActiveRecord: 0.0ms)


Started GET "/books" for 127.0.0.1 at 2018-05-09 16:54:35 +0200
Processing by BooksController#index as HTML
  Rendering books/index.html.erb within layouts/application
  [1m[36mBook Load (0.3ms)[0m  [1m[34mSELECT "books".* FROM "books"[0m
  Rendered books/index.html.erb within layouts/application (3.2ms)
Completed 200 OK in 441ms (Views: 434.9ms | ActiveRecord: 0.6ms)


Started GET "/books/new" for 127.0.0.1 at 2018-05-09 16:54:39 +0200
Processing by BooksController#new as HTML
  Rendering books/new.html.erb within layouts/application
  Rendered books/_form.html.erb (17.8ms)
  Rendered books/new.html.erb within layouts/application (19.4ms)
Completed 200 OK in 51ms (Views: 37.5ms | ActiveRecord: 0.6ms)


Started POST "/books" for 127.0.0.1 at 2018-05-09 16:54:54 +0200
Processing by BooksController#create as HTML
  Parameters: {"utf8"=>"✓", "authenticity_token"=>"UWbHzlm4ZA3aNaeaC7F++dko8L3nd6cxsiMXWVuiHx3zPAhs0wofQd50PXDfyIRasMBWOQ0nkV3JpHHG7vf/TQ==", "book"=>{"tittle"=>"Jakiś", "author"=>"Jan", "category"=>"Kryminał", "image_url"=>"", "is_borrowed"=>"1"}, "commit"=>"Create Book"}
  [1m[35m (0.1ms)[0m  [1m[36mbegin transaction[0m
  [1m[35mSQL (0.4ms)[0m  [1m[32mINSERT INTO "books" ("tittle", "author", "category", "image_url", "is_borrowed", "created_at", "updated_at") VALUES (?, ?, ?, ?, ?, ?, ?)[0m  [["tittle", "Jakiś"], ["author", "Jan"], ["category", "Kryminał"], ["image_url", ""], ["is_borrowed", "t"], ["created_at", "2018-05-09 14:54:54.731611"], ["updated_at", "2018-05-09 14:54:54.731611"]]
  [1m[35m (9.2ms)[0m  [1m[36mcommit transaction[0m
Redirected to http://localhost:3000/books/1
Completed 302 Found in 16ms (ActiveRecord: 9.6ms)


Started GET "/books/1" for 127.0.0.1 at 2018-05-09 16:54:54 +0200
Processing by BooksController#show as HTML
  Parameters: {"id"=>"1"}
  [1m[36mBook Load (0.4ms)[0m  [1m[34mSELECT  "books".* FROM "books" WHERE "books"."id" = ? LIMIT ?[0m  [["id", 1], ["LIMIT", 1]]
  Rendering books/show.html.erb within layouts/application
  Rendered books/show.html.erb within layouts/application (1.0ms)
Completed 200 OK in 22ms (Views: 17.8ms | ActiveRecord: 0.4ms)


Started GET "/books" for 127.0.0.1 at 2018-05-09 16:54:59 +0200
Processing by BooksController#index as HTML
  Rendering books/index.html.erb within layouts/application
  [1m[36mBook Load (0.2ms)[0m  [1m[34mSELECT "books".* FROM "books"[0m
  Rendered books/index.html.erb within layouts/application (2.2ms)
Completed 200 OK in 22ms (Views: 20.9ms | ActiveRecord: 0.2ms)


Started GET "/books/new" for 127.0.0.1 at 2018-05-09 16:55:05 +0200
Processing by BooksController#new as HTML
  Rendering books/new.html.erb within layouts/application
  Rendered books/_form.html.erb (4.4ms)
  Rendered books/new.html.erb within layouts/application (6.0ms)
Completed 200 OK in 29ms (Views: 27.2ms | ActiveRecord: 0.0ms)


Started GET "/books" for 127.0.0.1 at 2018-05-09 16:55:40 +0200
Processing by BooksController#index as HTML
  Rendering books/index.html.erb within layouts/application
  [1m[36mBook Load (0.2ms)[0m  [1m[34mSELECT "books".* FROM "books"[0m
  Rendered books/index.html.erb within layouts/application (2.1ms)
Completed 200 OK in 19ms (Views: 17.8ms | ActiveRecord: 0.2ms)


Started GET "/books/new" for 127.0.0.1 at 2018-05-09 16:55:42 +0200
Processing by BooksController#new as HTML
  Rendering books/new.html.erb within layouts/application
  Rendered books/_form.html.erb (3.7ms)
  Rendered books/new.html.erb within layouts/application (5.6ms)
Completed 200 OK in 27ms (Views: 26.0ms | ActiveRecord: 0.0ms)


Started GET "/books" for 127.0.0.1 at 2018-05-09 16:55:44 +0200
Processing by BooksController#index as HTML
  Rendering books/index.html.erb within layouts/application
  [1m[36mBook Load (0.2ms)[0m  [1m[34mSELECT "books".* FROM "books"[0m
  Rendered books/index.html.erb within layouts/application (2.4ms)
Completed 200 OK in 28ms (Views: 26.9ms | ActiveRecord: 0.2ms)


Started GET "/books/1" for 127.0.0.1 at 2018-05-09 16:55:55 +0200
Processing by BooksController#show as HTML
  Parameters: {"id"=>"1"}
  [1m[36mBook Load (0.1ms)[0m  [1m[34mSELECT  "books".* FROM "books" WHERE "books"."id" = ? LIMIT ?[0m  [["id", 1], ["LIMIT", 1]]
  Rendering books/show.html.erb within layouts/application
  Rendered books/show.html.erb within layouts/application (1.0ms)
Completed 200 OK in 22ms (Views: 19.9ms | ActiveRecord: 0.1ms)


Started GET "/books/1/edit" for 127.0.0.1 at 2018-05-09 16:55:57 +0200
Processing by BooksController#edit as HTML
  Parameters: {"id"=>"1"}
  [1m[36mBook Load (0.1ms)[0m  [1m[34mSELECT  "books".* FROM "books" WHERE "books"."id" = ? LIMIT ?[0m  [["id", 1], ["LIMIT", 1]]
  Rendering books/edit.html.erb within layouts/application
  Rendered books/_form.html.erb (4.0ms)
  Rendered books/edit.html.erb within layouts/application (5.3ms)
Completed 200 OK in 28ms (Views: 26.4ms | ActiveRecord: 0.1ms)


Started GET "/books" for 127.0.0.1 at 2018-05-09 16:55:59 +0200
Processing by BooksController#index as HTML
  Rendering books/index.html.erb within layouts/application
  [1m[36mBook Load (0.2ms)[0m  [1m[34mSELECT "books".* FROM "books"[0m
  Rendered books/index.html.erb within layouts/application (2.2ms)
Completed 200 OK in 21ms (Views: 19.7ms | ActiveRecord: 0.2ms)


  [1m[35m (0.1ms)[0m  [1m[34mSELECT "schema_migrations"."version" FROM "schema_migrations" ORDER BY "schema_migrations"."version" ASC[0m
  [1m[35m (0.1ms)[0m  [1m[34mSELECT "schema_migrations"."version" FROM "schema_migrations" ORDER BY "schema_migrations"."version" ASC[0m
Migrating to CreateBooks (20180509145417)
  [1m[35m (0.0ms)[0m  [1m[36mbegin transaction[0m
  [1m[35m (0.3ms)[0m  [1m[35mDROP TABLE "books"[0m
  [1m[35mSQL (0.1ms)[0m  [1m[31mDELETE FROM "schema_migrations" WHERE "schema_migrations"."version" = ?[0m  [["version", "20180509145417"]]
  [1m[35m (10.1ms)[0m  [1m[36mcommit transaction[0m
  [1m[35m (0.1ms)[0m  [1m[34mSELECT "schema_migrations"."version" FROM "schema_migrations" ORDER BY "schema_migrations"."version" ASC[0m
  [1m[35m (0.1ms)[0m  [1m[34mSELECT "schema_migrations"."version" FROM "schema_migrations" ORDER BY "schema_migrations"."version" ASC[0m
Migrating to CreateBooks (20180509145417)
  [1m[35m (0.0ms)[0m  [1m[36mbegin transaction[0m
  [1m[35m (0.1ms)[0m  [1m[34mSELECT sqlite_version(*)[0m
  [1m[35m (0.6ms)[0m  [1m[35mCREATE TABLE "books" ("id" INTEGER PRIMARY KEY AUTOINCREMENT NOT NULL, "tittle" varchar, "author" text, "category" text, "image_url" varchar, "is_borrowed" boolean DEFAULT 'f', "created_at" datetime NOT NULL, "updated_at" datetime NOT NULL)[0m
  [1m[35mSQL (0.1ms)[0m  [1m[32mINSERT INTO "schema_migrations" ("version") VALUES (?)[0m  [["version", "20180509145417"]]
  [1m[35m (8.4ms)[0m  [1m[36mcommit transaction[0m
  [1m[36mActiveRecord::InternalMetadata Load (0.1ms)[0m  [1m[34mSELECT  "ar_internal_metadata".* FROM "ar_internal_metadata" WHERE "ar_internal_metadata"."key" = ? LIMIT ?[0m  [["key", "environment"], ["LIMIT", 1]]
  [1m[35m (0.0ms)[0m  [1m[36mbegin transaction[0m
  [1m[35m (0.0ms)[0m  [1m[36mcommit transaction[0m
  [1m[35m (0.1ms)[0m  [1m[34mSELECT "schema_migrations"."version" FROM "schema_migrations" ORDER BY "schema_migrations"."version" ASC[0m
Started GET "/books" for 127.0.0.1 at 2018-05-09 16:58:36 +0200
  [1m[35m (0.1ms)[0m  [1m[34mSELECT "schema_migrations"."version" FROM "schema_migrations" ORDER BY "schema_migrations"."version" ASC[0m
Processing by BooksController#index as HTML
  Rendering books/index.html.erb within layouts/application
  [1m[36mBook Load (0.2ms)[0m  [1m[34mSELECT "books".* FROM "books"[0m
  Rendered books/index.html.erb within layouts/application (2.5ms)
Completed 200 OK in 23ms (Views: 18.3ms | ActiveRecord: 0.5ms)


Started GET "/books/new" for 127.0.0.1 at 2018-05-09 16:58:38 +0200
Processing by BooksController#new as HTML
  Rendering books/new.html.erb within layouts/application
  Rendered books/_form.html.erb (4.6ms)
  Rendered books/new.html.erb within layouts/application (6.0ms)
Completed 200 OK in 39ms (Views: 25.8ms | ActiveRecord: 0.6ms)


Started GET "/books/new" for 127.0.0.1 at 2018-05-09 17:08:30 +0200
  [1m[35m (0.2ms)[0m  [1m[34mSELECT "schema_migrations"."version" FROM "schema_migrations" ORDER BY "schema_migrations"."version" ASC[0m
Processing by BooksController#new as HTML
  Rendering books/new.html.haml within layouts/application
  Rendered books/new.html.haml within layouts/application (3.6ms)
Completed 500 Internal Server Error in 22ms (ActiveRecord: 0.5ms)


  
SyntaxError (/home/wojtek/projects/CompanyLibrary/app/views/books/new.html.haml:3: syntax error, unexpected '>'
 render 'form', book: @book %>
                              ^
/home/wojtek/projects/CompanyLibrary/app/views/books/new.html.haml:6: syntax error, unexpected keyword_ensure, expecting ')'
Util.html_safe(_erbout);ensure;@haml_buffer = @haml_buffer.u
                              ^
/home/wojtek/projects/CompanyLibrary/app/views/books/new.html.haml:6: syntax error, unexpected keyword_end, expecting ')'
ffer.upper if @haml_buffer;end;
                              ^
/home/wojtek/projects/CompanyLibrary/app/views/books/new.html.haml:9: syntax error, unexpected keyword_end, expecting ')'
          end
             ^):
  
app/views/books/new.html.haml:3: syntax error, unexpected '>'
app/views/books/new.html.haml:6: syntax error, unexpected keyword_ensure, expecting ')'
app/views/books/new.html.haml:6: syntax error, unexpected keyword_end, expecting ')'
app/views/books/new.html.haml:9: syntax error, unexpected keyword_end, expecting ')'
Started GET "/books/new" for 127.0.0.1 at 2018-05-09 17:09:37 +0200
  [1m[35m (0.1ms)[0m  [1m[34mSELECT "schema_migrations"."version" FROM "schema_migrations" ORDER BY "schema_migrations"."version" ASC[0m
Processing by BooksController#new as HTML
  Rendering books/new.html.haml within layouts/application
  Rendered books/new.html.haml within layouts/application (3.6ms)
Completed 500 Internal Server Error in 21ms (ActiveRecord: 0.6ms)


  
SyntaxError (/home/wojtek/projects/CompanyLibrary/app/views/books/new.html.haml:3: syntax error, unexpected '>'
 render 'form', book: @book %>
                              ^
/home/wojtek/projects/CompanyLibrary/app/views/books/new.html.haml:6: syntax error, unexpected keyword_ensure, expecting ')'
Util.html_safe(_erbout);ensure;@haml_buffer = @haml_buffer.u
                              ^
/home/wojtek/projects/CompanyLibrary/app/views/books/new.html.haml:6: syntax error, unexpected keyword_end, expecting ')'
ffer.upper if @haml_buffer;end;
                              ^
/home/wojtek/projects/CompanyLibrary/app/views/books/new.html.haml:9: syntax error, unexpected keyword_end, expecting ')'
          end
             ^):
  
app/views/books/new.html.haml:3: syntax error, unexpected '>'
app/views/books/new.html.haml:6: syntax error, unexpected keyword_ensure, expecting ')'
app/views/books/new.html.haml:6: syntax error, unexpected keyword_end, expecting ')'
app/views/books/new.html.haml:9: syntax error, unexpected keyword_end, expecting ')'
Started GET "/books/new" for 127.0.0.1 at 2018-05-09 17:09:52 +0200
Processing by BooksController#new as HTML
  Rendering books/new.html.haml within layouts/application
  Rendered books/_form.html.erb (8.1ms)
  Rendered books/new.html.haml within layouts/application (10.2ms)
Completed 200 OK in 3662ms (Views: 3653.8ms | ActiveRecord: 0.0ms)


